<?xml version="1.0" encoding="UTF-8"?>
<!-- Generated by org.testng.reporters.JUnitXMLReporter -->
<testsuite hostname="DESKTOP-HNKSP0S" name="test" tests="13" failures="0" timestamp="26 Jul 2018 06:33:13 GMT" time="102.87" errors="0">
  <testcase name="CegTest" time="7.082" classname="com.test.NiuGTest"/>
  <testcase name="CegTest" time="9.017" classname="com.test.NiuGTest"/>
  <testcase name="RenxTest" time="5.835" classname="com.test.NiuGTest"/>
  <testcase name="RenxTest" time="5.371" classname="com.test.NiuGTest"/>
  <testcase name="ZhenGTest" time="8.34" classname="com.test.MobilePhoneTest"/>
  <testcase name="ZhenGTest" time="9.328" classname="com.test.MobilePhoneTest"/>
  <testcase name="ZhenGTest" time="5.343" classname="com.test.MobilePhoneTest"/>
  <testcase name="ZhenGTest" time="7.861" classname="com.test.MobilePhoneTest"/>
  <testcase name="ZhenGTest" time="5.556" classname="com.test.MobilePhoneTest"/>
  <testcase name="ZhenGTest" time="5.854" classname="com.test.MobilePhoneTest"/>
  <testcase name="ZhenGTest" time="5.585" classname="com.test.MobilePhoneTest"/>
  <testcase name="ZhenGTest" time="8.518" classname="com.test.MobilePhoneTest"/>
  <testcase name="ZhenGTest" time="5.636" classname="com.test.MobilePhoneTest"/>
</testsuite> <!-- test -->
